2025-10-17T11:50:27.157+09:00  INFO 9484 --- [day6_1017] [main] com.lsw.myform.Day61017Application       : Starting Day61017Application using Java 21.0.8 with PID 9484 (C:\prac\ex-ch03\day6_1017\bin\main started by YONSAI in C:\prac\ex-ch03\day6_1017)
2025-10-17T11:50:27.158+09:00  INFO 9484 --- [day6_1017] [main] com.lsw.myform.Day61017Application       : No active profile set, falling back to 1 default profile: "default"
2025-10-17T11:50:27.654+09:00  INFO 9484 --- [day6_1017] [main] o.s.b.w.embedded.tomcat.TomcatWebServer  : Tomcat initialized with port 8080 (http)
2025-10-17T11:50:27.662+09:00  INFO 9484 --- [day6_1017] [main] o.apache.catalina.core.StandardService   : Starting service [Tomcat]
2025-10-17T11:50:27.662+09:00  INFO 9484 --- [day6_1017] [main] o.apache.catalina.core.StandardEngine    : Starting Servlet engine: [Apache Tomcat/10.1.46]
2025-10-17T11:50:27.692+09:00  INFO 9484 --- [day6_1017] [main] o.a.c.c.C.[Tomcat].[localhost].[/]       : Initializing Spring embedded WebApplicationContext
2025-10-17T11:50:27.693+09:00  INFO 9484 --- [day6_1017] [main] w.s.c.ServletWebServerApplicationContext : Root WebApplicationContext: initialization completed in 512 ms
2025-10-17T11:50:27.902+09:00  INFO 9484 --- [day6_1017] [main] .w.s.a.s.AnnotationActionEndpointMapping : Supporting [WS-Addressing August 2004, WS-Addressing 1.0]
2025-10-17T11:50:27.929+09:00  INFO 9484 --- [day6_1017] [main] o.s.b.w.embedded.tomcat.TomcatWebServer  : Tomcat started on port 8080 (http) with context path '/'
2025-10-17T11:50:27.935+09:00  INFO 9484 --- [day6_1017] [main] com.lsw.myform.Day61017Application       : Started Day61017Application in 1.042 seconds (process running for 1.394)
2025-10-17T11:50:28.790+09:00  INFO 9484 --- [day6_1017] [http-nio-8080-exec-2] o.a.c.c.C.[Tomcat].[localhost].[/]       : Initializing Spring DispatcherServlet 'dispatcherServlet'
2025-10-17T11:50:28.790+09:00  INFO 9484 --- [day6_1017] [http-nio-8080-exec-2] o.s.web.servlet.DispatcherServlet        : Initializing Servlet 'dispatcherServlet'
2025-10-17T11:50:28.791+09:00  INFO 9484 --- [day6_1017] [http-nio-8080-exec-2] o.s.web.servlet.DispatcherServlet        : Completed initialization in 1 ms
2025-10-17T11:50:39.818+09:00  WARN 9484 --- [day6_1017] [http-nio-8080-exec-4] .w.s.m.s.DefaultHandlerExceptionResolver : Resolved [org.springframework.web.HttpRequestMethodNotSupportedException: Request method 'GET' is not supported]
2025-10-17T11:51:18.931+09:00  INFO 9484 --- [day6_1017] [RMI TCP Connection(10)-127.0.0.1] inMXBeanRegistrar$SpringApplicationAdmin : Application shutdown requested.
2025-10-17T11:51:18.933+09:00  INFO 9484 --- [day6_1017] [RMI TCP Connection(10)-127.0.0.1] o.s.b.w.e.tomcat.GracefulShutdown        : Commencing graceful shutdown. Waiting for active requests to complete
2025-10-17T11:51:18.936+09:00  INFO 9484 --- [day6_1017] [tomcat-shutdown] o.s.b.w.e.tomcat.GracefulShutdown        : Graceful shutdown complete
2025-10-17T11:51:20.138+09:00  INFO 10864 --- [day6_1017] [main] com.lsw.myform.Day61017Application       : Starting Day61017Application using Java 21.0.8 with PID 10864 (C:\prac\ex-ch03\day6_1017\bin\main started by YONSAI in C:\prac\ex-ch03\day6_1017)
2025-10-17T11:51:20.140+09:00  INFO 10864 --- [day6_1017] [main] com.lsw.myform.Day61017Application       : No active profile set, falling back to 1 default profile: "default"
2025-10-17T11:51:20.633+09:00  INFO 10864 --- [day6_1017] [main] o.s.b.w.embedded.tomcat.TomcatWebServer  : Tomcat initialized with port 8080 (http)
2025-10-17T11:51:20.642+09:00  INFO 10864 --- [day6_1017] [main] o.apache.catalina.core.StandardService   : Starting service [Tomcat]
2025-10-17T11:51:20.642+09:00  INFO 10864 --- [day6_1017] [main] o.apache.catalina.core.StandardEngine    : Starting Servlet engine: [Apache Tomcat/10.1.46]
2025-10-17T11:51:20.672+09:00  INFO 10864 --- [day6_1017] [main] o.a.c.c.C.[Tomcat].[localhost].[/]       : Initializing Spring embedded WebApplicationContext
2025-10-17T11:51:20.672+09:00  INFO 10864 --- [day6_1017] [main] w.s.c.ServletWebServerApplicationContext : Root WebApplicationContext: initialization completed in 509 ms
2025-10-17T11:51:20.884+09:00  INFO 10864 --- [day6_1017] [main] .w.s.a.s.AnnotationActionEndpointMapping : Supporting [WS-Addressing August 2004, WS-Addressing 1.0]
2025-10-17T11:51:20.910+09:00  INFO 10864 --- [day6_1017] [main] o.s.b.w.embedded.tomcat.TomcatWebServer  : Tomcat started on port 8080 (http) with context path '/'
2025-10-17T11:51:20.915+09:00  INFO 10864 --- [day6_1017] [main] com.lsw.myform.Day61017Application       : Started Day61017Application in 1.042 seconds (process running for 1.401)
2025-10-17T11:51:21.637+09:00  INFO 10864 --- [day6_1017] [http-nio-8080-exec-1] o.a.c.c.C.[Tomcat].[localhost].[/]       : Initializing Spring DispatcherServlet 'dispatcherServlet'
2025-10-17T11:51:21.638+09:00  INFO 10864 --- [day6_1017] [http-nio-8080-exec-1] o.s.web.servlet.DispatcherServlet        : Initializing Servlet 'dispatcherServlet'
2025-10-17T11:51:21.638+09:00  INFO 10864 --- [day6_1017] [http-nio-8080-exec-1] o.s.web.servlet.DispatcherServlet        : Completed initialization in 0 ms
2025-10-17T11:51:29.256+09:00  WARN 10864 --- [day6_1017] [http-nio-8080-exec-3] .w.s.m.s.DefaultHandlerExceptionResolver : Resolved [org.springframework.web.HttpRequestMethodNotSupportedException: Request method 'GET' is not supported]
2025-10-17T11:52:38.164+09:00  INFO 10864 --- [day6_1017] [RMI TCP Connection(11)-127.0.0.1] inMXBeanRegistrar$SpringApplicationAdmin : Application shutdown requested.
2025-10-17T11:52:38.166+09:00  INFO 10864 --- [day6_1017] [RMI TCP Connection(11)-127.0.0.1] o.s.b.w.e.tomcat.GracefulShutdown        : Commencing graceful shutdown. Waiting for active requests to complete
2025-10-17T11:52:38.169+09:00  INFO 10864 --- [day6_1017] [tomcat-shutdown] o.s.b.w.e.tomcat.GracefulShutdown        : Graceful shutdown complete
2025-10-17T11:52:39.368+09:00  INFO 10768 --- [day6_1017] [main] com.lsw.myform.Day61017Application       : Starting Day61017Application using Java 21.0.8 with PID 10768 (C:\prac\ex-ch03\day6_1017\bin\main started by YONSAI in C:\prac\ex-ch03\day6_1017)
2025-10-17T11:52:39.370+09:00  INFO 10768 --- [day6_1017] [main] com.lsw.myform.Day61017Application       : No active profile set, falling back to 1 default profile: "default"
2025-10-17T11:52:39.868+09:00  INFO 10768 --- [day6_1017] [main] o.s.b.w.embedded.tomcat.TomcatWebServer  : Tomcat initialized with port 8080 (http)
2025-10-17T11:52:39.877+09:00  INFO 10768 --- [day6_1017] [main] o.apache.catalina.core.StandardService   : Starting service [Tomcat]
2025-10-17T11:52:39.877+09:00  INFO 10768 --- [day6_1017] [main] o.apache.catalina.core.StandardEngine    : Starting Servlet engine: [Apache Tomcat/10.1.46]
2025-10-17T11:52:39.907+09:00  INFO 10768 --- [day6_1017] [main] o.a.c.c.C.[Tomcat].[localhost].[/]       : Initializing Spring embedded WebApplicationContext
2025-10-17T11:52:39.907+09:00  INFO 10768 --- [day6_1017] [main] w.s.c.ServletWebServerApplicationContext : Root WebApplicationContext: initialization completed in 515 ms
2025-10-17T11:52:40.114+09:00  INFO 10768 --- [day6_1017] [main] .w.s.a.s.AnnotationActionEndpointMapping : Supporting [WS-Addressing August 2004, WS-Addressing 1.0]
2025-10-17T11:52:40.140+09:00  INFO 10768 --- [day6_1017] [main] o.s.b.w.embedded.tomcat.TomcatWebServer  : Tomcat started on port 8080 (http) with context path '/'
2025-10-17T11:52:40.144+09:00  INFO 10768 --- [day6_1017] [main] com.lsw.myform.Day61017Application       : Started Day61017Application in 1.041 seconds (process running for 1.387)
2025-10-17T11:52:41.151+09:00  INFO 10768 --- [day6_1017] [http-nio-8080-exec-1] o.a.c.c.C.[Tomcat].[localhost].[/]       : Initializing Spring DispatcherServlet 'dispatcherServlet'
2025-10-17T11:52:41.151+09:00  INFO 10768 --- [day6_1017] [http-nio-8080-exec-1] o.s.web.servlet.DispatcherServlet        : Initializing Servlet 'dispatcherServlet'
2025-10-17T11:52:41.152+09:00  INFO 10768 --- [day6_1017] [http-nio-8080-exec-1] o.s.web.servlet.DispatcherServlet        : Completed initialization in 1 ms
2025-10-17T11:52:43.010+09:00  WARN 10768 --- [day6_1017] [http-nio-8080-exec-2] .w.s.m.s.DefaultHandlerExceptionResolver : Resolved [org.springframework.web.HttpRequestMethodNotSupportedException: Request method 'GET' is not supported]
2025-10-17T11:52:43.135+09:00  WARN 10768 --- [day6_1017] [http-nio-8080-exec-3] .w.s.m.s.DefaultHandlerExceptionResolver : Resolved [org.springframework.web.HttpRequestMethodNotSupportedException: Request method 'GET' is not supported]
2025-10-17T11:52:54.876+09:00  INFO 10768 --- [day6_1017] [RMI TCP Connection(7)-127.0.0.1] inMXBeanRegistrar$SpringApplicationAdmin : Application shutdown requested.
2025-10-17T11:52:54.879+09:00  INFO 10768 --- [day6_1017] [RMI TCP Connection(7)-127.0.0.1] o.s.b.w.e.tomcat.GracefulShutdown        : Commencing graceful shutdown. Waiting for active requests to complete
2025-10-17T11:52:54.882+09:00  INFO 10768 --- [day6_1017] [tomcat-shutdown] o.s.b.w.e.tomcat.GracefulShutdown        : Graceful shutdown complete
2025-10-17T11:52:56.085+09:00  INFO 6168 --- [day6_1017] [main] com.lsw.myform.Day61017Application       : Starting Day61017Application using Java 21.0.8 with PID 6168 (C:\prac\ex-ch03\day6_1017\bin\main started by YONSAI in C:\prac\ex-ch03\day6_1017)
2025-10-17T11:52:56.087+09:00  INFO 6168 --- [day6_1017] [main] com.lsw.myform.Day61017Application       : No active profile set, falling back to 1 default profile: "default"
2025-10-17T11:52:56.584+09:00  INFO 6168 --- [day6_1017] [main] o.s.b.w.embedded.tomcat.TomcatWebServer  : Tomcat initialized with port 8080 (http)
2025-10-17T11:52:56.593+09:00  INFO 6168 --- [day6_1017] [main] o.apache.catalina.core.StandardService   : Starting service [Tomcat]
2025-10-17T11:52:56.593+09:00  INFO 6168 --- [day6_1017] [main] o.apache.catalina.core.StandardEngine    : Starting Servlet engine: [Apache Tomcat/10.1.46]
2025-10-17T11:52:56.622+09:00  INFO 6168 --- [day6_1017] [main] o.a.c.c.C.[Tomcat].[localhost].[/]       : Initializing Spring embedded WebApplicationContext
2025-10-17T11:52:56.623+09:00  INFO 6168 --- [day6_1017] [main] w.s.c.ServletWebServerApplicationContext : Root WebApplicationContext: initialization completed in 514 ms
2025-10-17T11:52:56.832+09:00  INFO 6168 --- [day6_1017] [main] .w.s.a.s.AnnotationActionEndpointMapping : Supporting [WS-Addressing August 2004, WS-Addressing 1.0]
2025-10-17T11:52:56.859+09:00  INFO 6168 --- [day6_1017] [main] o.s.b.w.embedded.tomcat.TomcatWebServer  : Tomcat started on port 8080 (http) with context path '/'
2025-10-17T11:52:56.863+09:00  INFO 6168 --- [day6_1017] [main] com.lsw.myform.Day61017Application       : Started Day61017Application in 1.044 seconds (process running for 1.393)
2025-10-17T11:52:57.744+09:00  INFO 6168 --- [day6_1017] [http-nio-8080-exec-1] o.a.c.c.C.[Tomcat].[localhost].[/]       : Initializing Spring DispatcherServlet 'dispatcherServlet'
2025-10-17T11:52:57.744+09:00  INFO 6168 --- [day6_1017] [http-nio-8080-exec-1] o.s.web.servlet.DispatcherServlet        : Initializing Servlet 'dispatcherServlet'
2025-10-17T11:52:57.745+09:00  INFO 6168 --- [day6_1017] [http-nio-8080-exec-1] o.s.web.servlet.DispatcherServlet        : Completed initialization in 1 ms
2025-10-17T11:53:00.541+09:00  WARN 6168 --- [day6_1017] [http-nio-8080-exec-2] .w.s.m.s.DefaultHandlerExceptionResolver : Resolved [org.springframework.web.HttpRequestMethodNotSupportedException: Request method 'GET' is not supported]
2025-10-17T11:53:00.745+09:00  WARN 6168 --- [day6_1017] [http-nio-8080-exec-3] .w.s.m.s.DefaultHandlerExceptionResolver : Resolved [org.springframework.web.HttpRequestMethodNotSupportedException: Request method 'GET' is not supported]
2025-10-17T11:53:22.305+09:00  INFO 6168 --- [day6_1017] [RMI TCP Connection(2)-127.0.0.1] inMXBeanRegistrar$SpringApplicationAdmin : Application shutdown requested.
2025-10-17T11:53:22.306+09:00  INFO 6168 --- [day6_1017] [RMI TCP Connection(2)-127.0.0.1] o.s.b.w.e.tomcat.GracefulShutdown        : Commencing graceful shutdown. Waiting for active requests to complete
2025-10-17T11:53:22.310+09:00  INFO 6168 --- [day6_1017] [tomcat-shutdown] o.s.b.w.e.tomcat.GracefulShutdown        : Graceful shutdown complete
2025-10-17T11:53:23.510+09:00  INFO 4824 --- [day6_1017] [main] com.lsw.myform.Day61017Application       : Starting Day61017Application using Java 21.0.8 with PID 4824 (C:\prac\ex-ch03\day6_1017\bin\main started by YONSAI in C:\prac\ex-ch03\day6_1017)
2025-10-17T11:53:23.512+09:00  INFO 4824 --- [day6_1017] [main] com.lsw.myform.Day61017Application       : No active profile set, falling back to 1 default profile: "default"
2025-10-17T11:53:24.008+09:00  INFO 4824 --- [day6_1017] [main] o.s.b.w.embedded.tomcat.TomcatWebServer  : Tomcat initialized with port 8080 (http)
2025-10-17T11:53:24.016+09:00  INFO 4824 --- [day6_1017] [main] o.apache.catalina.core.StandardService   : Starting service [Tomcat]
2025-10-17T11:53:24.017+09:00  INFO 4824 --- [day6_1017] [main] o.apache.catalina.core.StandardEngine    : Starting Servlet engine: [Apache Tomcat/10.1.46]
2025-10-17T11:53:24.047+09:00  INFO 4824 --- [day6_1017] [main] o.a.c.c.C.[Tomcat].[localhost].[/]       : Initializing Spring embedded WebApplicationContext
2025-10-17T11:53:24.047+09:00  INFO 4824 --- [day6_1017] [main] w.s.c.ServletWebServerApplicationContext : Root WebApplicationContext: initialization completed in 512 ms
2025-10-17T11:53:24.257+09:00  INFO 4824 --- [day6_1017] [main] .w.s.a.s.AnnotationActionEndpointMapping : Supporting [WS-Addressing August 2004, WS-Addressing 1.0]
2025-10-17T11:53:24.284+09:00  INFO 4824 --- [day6_1017] [main] o.s.b.w.embedded.tomcat.TomcatWebServer  : Tomcat started on port 8080 (http) with context path '/'
2025-10-17T11:53:24.289+09:00  INFO 4824 --- [day6_1017] [main] com.lsw.myform.Day61017Application       : Started Day61017Application in 1.046 seconds (process running for 1.396)
2025-10-17T11:53:24.981+09:00  INFO 4824 --- [day6_1017] [http-nio-8080-exec-1] o.a.c.c.C.[Tomcat].[localhost].[/]       : Initializing Spring DispatcherServlet 'dispatcherServlet'
2025-10-17T11:53:24.981+09:00  INFO 4824 --- [day6_1017] [http-nio-8080-exec-1] o.s.web.servlet.DispatcherServlet        : Initializing Servlet 'dispatcherServlet'
2025-10-17T11:53:24.981+09:00  INFO 4824 --- [day6_1017] [http-nio-8080-exec-1] o.s.web.servlet.DispatcherServlet        : Completed initialization in 0 ms
2025-10-17T11:53:26.808+09:00  WARN 4824 --- [day6_1017] [http-nio-8080-exec-2] .w.s.m.s.DefaultHandlerExceptionResolver : Resolved [org.springframework.web.HttpRequestMethodNotSupportedException: Request method 'GET' is not supported]
2025-10-17T11:53:26.973+09:00  WARN 4824 --- [day6_1017] [http-nio-8080-exec-3] .w.s.m.s.DefaultHandlerExceptionResolver : Resolved [org.springframework.web.HttpRequestMethodNotSupportedException: Request method 'GET' is not supported]
2025-10-17T11:54:58.229+09:00  INFO 4824 --- [day6_1017] [RMI TCP Connection(10)-127.0.0.1] inMXBeanRegistrar$SpringApplicationAdmin : Application shutdown requested.
2025-10-17T11:54:58.230+09:00  INFO 4824 --- [day6_1017] [RMI TCP Connection(10)-127.0.0.1] o.s.b.w.e.tomcat.GracefulShutdown        : Commencing graceful shutdown. Waiting for active requests to complete
2025-10-17T11:54:58.234+09:00  INFO 4824 --- [day6_1017] [tomcat-shutdown] o.s.b.w.e.tomcat.GracefulShutdown        : Graceful shutdown complete
2025-10-17T11:54:59.415+09:00  INFO 11444 --- [day6_1017] [main] com.lsw.myform.Day61017Application       : Starting Day61017Application using Java 21.0.8 with PID 11444 (C:\prac\ex-ch03\day6_1017\bin\main started by YONSAI in C:\prac\ex-ch03\day6_1017)
2025-10-17T11:54:59.416+09:00  INFO 11444 --- [day6_1017] [main] com.lsw.myform.Day61017Application       : No active profile set, falling back to 1 default profile: "default"
2025-10-17T11:54:59.910+09:00  INFO 11444 --- [day6_1017] [main] o.s.b.w.embedded.tomcat.TomcatWebServer  : Tomcat initialized with port 8080 (http)
2025-10-17T11:54:59.919+09:00  INFO 11444 --- [day6_1017] [main] o.apache.catalina.core.StandardService   : Starting service [Tomcat]
2025-10-17T11:54:59.919+09:00  INFO 11444 --- [day6_1017] [main] o.apache.catalina.core.StandardEngine    : Starting Servlet engine: [Apache Tomcat/10.1.46]
2025-10-17T11:54:59.949+09:00  INFO 11444 --- [day6_1017] [main] o.a.c.c.C.[Tomcat].[localhost].[/]       : Initializing Spring embedded WebApplicationContext
2025-10-17T11:54:59.949+09:00  INFO 11444 --- [day6_1017] [main] w.s.c.ServletWebServerApplicationContext : Root WebApplicationContext: initialization completed in 510 ms
2025-10-17T11:55:00.160+09:00  INFO 11444 --- [day6_1017] [main] .w.s.a.s.AnnotationActionEndpointMapping : Supporting [WS-Addressing August 2004, WS-Addressing 1.0]
2025-10-17T11:55:00.186+09:00  INFO 11444 --- [day6_1017] [main] o.s.b.w.embedded.tomcat.TomcatWebServer  : Tomcat started on port 8080 (http) with context path '/'
2025-10-17T11:55:00.190+09:00  INFO 11444 --- [day6_1017] [main] com.lsw.myform.Day61017Application       : Started Day61017Application in 1.036 seconds (process running for 1.382)
2025-10-17T11:55:00.976+09:00  INFO 11444 --- [day6_1017] [http-nio-8080-exec-1] o.a.c.c.C.[Tomcat].[localhost].[/]       : Initializing Spring DispatcherServlet 'dispatcherServlet'
2025-10-17T11:55:00.976+09:00  INFO 11444 --- [day6_1017] [http-nio-8080-exec-1] o.s.web.servlet.DispatcherServlet        : Initializing Servlet 'dispatcherServlet'
2025-10-17T11:55:00.977+09:00  INFO 11444 --- [day6_1017] [http-nio-8080-exec-1] o.s.web.servlet.DispatcherServlet        : Completed initialization in 1 ms
2025-10-17T11:56:10.438+09:00  INFO 11444 --- [day6_1017] [RMI TCP Connection(9)-127.0.0.1] inMXBeanRegistrar$SpringApplicationAdmin : Application shutdown requested.
2025-10-17T11:56:10.440+09:00  INFO 11444 --- [day6_1017] [RMI TCP Connection(9)-127.0.0.1] o.s.b.w.e.tomcat.GracefulShutdown        : Commencing graceful shutdown. Waiting for active requests to complete
2025-10-17T11:56:10.443+09:00  INFO 11444 --- [day6_1017] [tomcat-shutdown] o.s.b.w.e.tomcat.GracefulShutdown        : Graceful shutdown complete
2025-10-17T11:56:11.636+09:00  INFO 10516 --- [day6_1017] [main] com.lsw.myform.Day61017Application       : Starting Day61017Application using Java 21.0.8 with PID 10516 (C:\prac\ex-ch03\day6_1017\bin\main started by YONSAI in C:\prac\ex-ch03\day6_1017)
2025-10-17T11:56:11.638+09:00  INFO 10516 --- [day6_1017] [main] com.lsw.myform.Day61017Application       : No active profile set, falling back to 1 default profile: "default"
2025-10-17T11:56:12.131+09:00  INFO 10516 --- [day6_1017] [main] o.s.b.w.embedded.tomcat.TomcatWebServer  : Tomcat initialized with port 8080 (http)
2025-10-17T11:56:12.140+09:00  INFO 10516 --- [day6_1017] [main] o.apache.catalina.core.StandardService   : Starting service [Tomcat]
2025-10-17T11:56:12.140+09:00  INFO 10516 --- [day6_1017] [main] o.apache.catalina.core.StandardEngine    : Starting Servlet engine: [Apache Tomcat/10.1.46]
2025-10-17T11:56:12.169+09:00  INFO 10516 --- [day6_1017] [main] o.a.c.c.C.[Tomcat].[localhost].[/]       : Initializing Spring embedded WebApplicationContext
2025-10-17T11:56:12.169+09:00  INFO 10516 --- [day6_1017] [main] w.s.c.ServletWebServerApplicationContext : Root WebApplicationContext: initialization completed in 509 ms
2025-10-17T11:56:12.228+09:00  INFO 10516 --- [day6_1017] [main] o.s.b.a.w.s.WelcomePageHandlerMapping    : Adding welcome page: class path resource [static/index.html]
2025-10-17T11:56:12.378+09:00  INFO 10516 --- [day6_1017] [main] .w.s.a.s.AnnotationActionEndpointMapping : Supporting [WS-Addressing August 2004, WS-Addressing 1.0]
2025-10-17T11:56:12.404+09:00  INFO 10516 --- [day6_1017] [main] o.s.b.w.embedded.tomcat.TomcatWebServer  : Tomcat started on port 8080 (http) with context path '/'
2025-10-17T11:56:12.408+09:00  INFO 10516 --- [day6_1017] [main] com.lsw.myform.Day61017Application       : Started Day61017Application in 1.034 seconds (process running for 1.386)
2025-10-17T11:56:16.593+09:00  INFO 10516 --- [day6_1017] [http-nio-8080-exec-1] o.a.c.c.C.[Tomcat].[localhost].[/]       : Initializing Spring DispatcherServlet 'dispatcherServlet'
2025-10-17T11:56:16.593+09:00  INFO 10516 --- [day6_1017] [http-nio-8080-exec-1] o.s.web.servlet.DispatcherServlet        : Initializing Servlet 'dispatcherServlet'
2025-10-17T11:56:16.594+09:00  INFO 10516 --- [day6_1017] [http-nio-8080-exec-1] o.s.web.servlet.DispatcherServlet        : Completed initialization in 1 ms
2025-10-17T11:57:56.819+09:00  INFO 10516 --- [day6_1017] [RMI TCP Connection(11)-127.0.0.1] inMXBeanRegistrar$SpringApplicationAdmin : Application shutdown requested.
2025-10-17T11:57:56.820+09:00  INFO 10516 --- [day6_1017] [RMI TCP Connection(11)-127.0.0.1] o.s.b.w.e.tomcat.GracefulShutdown        : Commencing graceful shutdown. Waiting for active requests to complete
2025-10-17T11:57:56.824+09:00  INFO 10516 --- [day6_1017] [tomcat-shutdown] o.s.b.w.e.tomcat.GracefulShutdown        : Graceful shutdown complete
2025-10-17T11:57:58.033+09:00  INFO 6788 --- [day6_1017] [main] com.lsw.myform.Day61017Application       : Starting Day61017Application using Java 21.0.8 with PID 6788 (C:\prac\ex-ch03\day6_1017\bin\main started by YONSAI in C:\prac\ex-ch03\day6_1017)
2025-10-17T11:57:58.034+09:00  INFO 6788 --- [day6_1017] [main] com.lsw.myform.Day61017Application       : No active profile set, falling back to 1 default profile: "default"
2025-10-17T11:57:58.543+09:00  INFO 6788 --- [day6_1017] [main] o.s.b.w.embedded.tomcat.TomcatWebServer  : Tomcat initialized with port 8080 (http)
2025-10-17T11:57:58.553+09:00  INFO 6788 --- [day6_1017] [main] o.apache.catalina.core.StandardService   : Starting service [Tomcat]
2025-10-17T11:57:58.553+09:00  INFO 6788 --- [day6_1017] [main] o.apache.catalina.core.StandardEngine    : Starting Servlet engine: [Apache Tomcat/10.1.46]
2025-10-17T11:57:58.584+09:00  INFO 6788 --- [day6_1017] [main] o.a.c.c.C.[Tomcat].[localhost].[/]       : Initializing Spring embedded WebApplicationContext
2025-10-17T11:57:58.585+09:00  INFO 6788 --- [day6_1017] [main] w.s.c.ServletWebServerApplicationContext : Root WebApplicationContext: initialization completed in 528 ms
2025-10-17T11:57:58.646+09:00  INFO 6788 --- [day6_1017] [main] o.s.b.a.w.s.WelcomePageHandlerMapping    : Adding welcome page: class path resource [static/index.html]
2025-10-17T11:57:58.803+09:00  INFO 6788 --- [day6_1017] [main] .w.s.a.s.AnnotationActionEndpointMapping : Supporting [WS-Addressing August 2004, WS-Addressing 1.0]
2025-10-17T11:57:58.831+09:00  INFO 6788 --- [day6_1017] [main] o.s.b.w.embedded.tomcat.TomcatWebServer  : Tomcat started on port 8080 (http) with context path '/'
2025-10-17T11:57:58.835+09:00  INFO 6788 --- [day6_1017] [main] com.lsw.myform.Day61017Application       : Started Day61017Application in 1.073 seconds (process running for 1.428)
2025-10-17T11:58:01.278+09:00  INFO 6788 --- [day6_1017] [http-nio-8080-exec-1] o.a.c.c.C.[Tomcat].[localhost].[/]       : Initializing Spring DispatcherServlet 'dispatcherServlet'
2025-10-17T11:58:01.278+09:00  INFO 6788 --- [day6_1017] [http-nio-8080-exec-1] o.s.web.servlet.DispatcherServlet        : Initializing Servlet 'dispatcherServlet'
2025-10-17T11:58:01.279+09:00  INFO 6788 --- [day6_1017] [http-nio-8080-exec-1] o.s.web.servlet.DispatcherServlet        : Completed initialization in 0 ms
2025-10-17T11:58:31.052+09:00  WARN 6788 --- [day6_1017] [http-nio-8080-exec-3] .w.s.m.s.DefaultHandlerExceptionResolver : Resolved [org.springframework.web.HttpRequestMethodNotSupportedException: Request method 'GET' is not supported]
2025-10-17T12:10:47.130+09:00  INFO 6788 --- [day6_1017] [RMI TCP Connection(22)-127.0.0.1] inMXBeanRegistrar$SpringApplicationAdmin : Application shutdown requested.
2025-10-17T12:10:47.131+09:00  INFO 6788 --- [day6_1017] [RMI TCP Connection(22)-127.0.0.1] o.s.b.w.e.tomcat.GracefulShutdown        : Commencing graceful shutdown. Waiting for active requests to complete
2025-10-17T12:10:47.135+09:00  INFO 6788 --- [day6_1017] [tomcat-shutdown] o.s.b.w.e.tomcat.GracefulShutdown        : Graceful shutdown complete
2025-10-17T12:10:48.340+09:00  INFO 7132 --- [day6_1017] [main] com.lsw.myform.Day61017Application       : Starting Day61017Application using Java 21.0.8 with PID 7132 (C:\prac\ex-ch03\day6_1017\bin\main started by YONSAI in C:\prac\ex-ch03\day6_1017)
2025-10-17T12:10:48.341+09:00  INFO 7132 --- [day6_1017] [main] com.lsw.myform.Day61017Application       : No active profile set, falling back to 1 default profile: "default"
2025-10-17T12:10:48.839+09:00  INFO 7132 --- [day6_1017] [main] o.s.b.w.embedded.tomcat.TomcatWebServer  : Tomcat initialized with port 8080 (http)
2025-10-17T12:10:48.848+09:00  INFO 7132 --- [day6_1017] [main] o.apache.catalina.core.StandardService   : Starting service [Tomcat]
2025-10-17T12:10:48.848+09:00  INFO 7132 --- [day6_1017] [main] o.apache.catalina.core.StandardEngine    : Starting Servlet engine: [Apache Tomcat/10.1.46]
2025-10-17T12:10:48.878+09:00  INFO 7132 --- [day6_1017] [main] o.a.c.c.C.[Tomcat].[localhost].[/]       : Initializing Spring embedded WebApplicationContext
2025-10-17T12:10:48.878+09:00  INFO 7132 --- [day6_1017] [main] w.s.c.ServletWebServerApplicationContext : Root WebApplicationContext: initialization completed in 514 ms
2025-10-17T12:10:48.937+09:00  INFO 7132 --- [day6_1017] [main] o.s.b.a.w.s.WelcomePageHandlerMapping    : Adding welcome page: class path resource [static/index.html]
2025-10-17T12:10:49.087+09:00  INFO 7132 --- [day6_1017] [main] .w.s.a.s.AnnotationActionEndpointMapping : Supporting [WS-Addressing August 2004, WS-Addressing 1.0]
2025-10-17T12:10:49.114+09:00  INFO 7132 --- [day6_1017] [main] o.s.b.w.embedded.tomcat.TomcatWebServer  : Tomcat started on port 8080 (http) with context path '/'
2025-10-17T12:10:49.118+09:00  INFO 7132 --- [day6_1017] [main] com.lsw.myform.Day61017Application       : Started Day61017Application in 1.044 seconds (process running for 1.396)
2025-10-17T12:10:49.885+09:00  INFO 7132 --- [day6_1017] [http-nio-8080-exec-1] o.a.c.c.C.[Tomcat].[localhost].[/]       : Initializing Spring DispatcherServlet 'dispatcherServlet'
2025-10-17T12:10:49.885+09:00  INFO 7132 --- [day6_1017] [http-nio-8080-exec-1] o.s.web.servlet.DispatcherServlet        : Initializing Servlet 'dispatcherServlet'
2025-10-17T12:10:49.886+09:00  INFO 7132 --- [day6_1017] [http-nio-8080-exec-1] o.s.web.servlet.DispatcherServlet        : Completed initialization in 1 ms
2025-10-17T12:10:53.258+09:00  WARN 7132 --- [day6_1017] [http-nio-8080-exec-2] .w.s.m.s.DefaultHandlerExceptionResolver : Resolved [org.springframework.web.HttpMediaTypeNotSupportedException: Content-Type 'application/x-www-form-urlencoded;charset=UTF-8' is not supported]
2025-10-17T12:11:45.799+09:00  INFO 7132 --- [day6_1017] [RMI TCP Connection(9)-127.0.0.1] inMXBeanRegistrar$SpringApplicationAdmin : Application shutdown requested.
2025-10-17T12:11:45.801+09:00  INFO 7132 --- [day6_1017] [RMI TCP Connection(9)-127.0.0.1] o.s.b.w.e.tomcat.GracefulShutdown        : Commencing graceful shutdown. Waiting for active requests to complete
2025-10-17T12:11:45.805+09:00  INFO 7132 --- [day6_1017] [tomcat-shutdown] o.s.b.w.e.tomcat.GracefulShutdown        : Graceful shutdown complete
2025-10-17T12:11:47.022+09:00  INFO 13468 --- [day6_1017] [main] com.lsw.myform.Day61017Application       : Starting Day61017Application using Java 21.0.8 with PID 13468 (C:\prac\ex-ch03\day6_1017\bin\main started by YONSAI in C:\prac\ex-ch03\day6_1017)
2025-10-17T12:11:47.023+09:00  INFO 13468 --- [day6_1017] [main] com.lsw.myform.Day61017Application       : No active profile set, falling back to 1 default profile: "default"
2025-10-17T12:11:47.531+09:00  INFO 13468 --- [day6_1017] [main] o.s.b.w.embedded.tomcat.TomcatWebServer  : Tomcat initialized with port 8080 (http)
2025-10-17T12:11:47.540+09:00  INFO 13468 --- [day6_1017] [main] o.apache.catalina.core.StandardService   : Starting service [Tomcat]
2025-10-17T12:11:47.540+09:00  INFO 13468 --- [day6_1017] [main] o.apache.catalina.core.StandardEngine    : Starting Servlet engine: [Apache Tomcat/10.1.46]
2025-10-17T12:11:47.571+09:00  INFO 13468 --- [day6_1017] [main] o.a.c.c.C.[Tomcat].[localhost].[/]       : Initializing Spring embedded WebApplicationContext
2025-10-17T12:11:47.572+09:00  INFO 13468 --- [day6_1017] [main] w.s.c.ServletWebServerApplicationContext : Root WebApplicationContext: initialization completed in 524 ms
2025-10-17T12:11:47.636+09:00  INFO 13468 --- [day6_1017] [main] o.s.b.a.w.s.WelcomePageHandlerMapping    : Adding welcome page: class path resource [static/index.html]
2025-10-17T12:11:47.813+09:00  INFO 13468 --- [day6_1017] [main] .w.s.a.s.AnnotationActionEndpointMapping : Supporting [WS-Addressing August 2004, WS-Addressing 1.0]
2025-10-17T12:11:47.841+09:00  INFO 13468 --- [day6_1017] [main] o.s.b.w.embedded.tomcat.TomcatWebServer  : Tomcat started on port 8080 (http) with context path '/'
2025-10-17T12:11:47.846+09:00  INFO 13468 --- [day6_1017] [main] com.lsw.myform.Day61017Application       : Started Day61017Application in 1.109 seconds (process running for 1.456)
2025-10-17T12:11:48.563+09:00  INFO 13468 --- [day6_1017] [http-nio-8080-exec-1] o.a.c.c.C.[Tomcat].[localhost].[/]       : Initializing Spring DispatcherServlet 'dispatcherServlet'
2025-10-17T12:11:48.564+09:00  INFO 13468 --- [day6_1017] [http-nio-8080-exec-1] o.s.web.servlet.DispatcherServlet        : Initializing Servlet 'dispatcherServlet'
2025-10-17T12:11:48.564+09:00  INFO 13468 --- [day6_1017] [http-nio-8080-exec-1] o.s.web.servlet.DispatcherServlet        : Completed initialization in 0 ms
2025-10-17T12:12:12.009+09:00  INFO 13468 --- [day6_1017] [RMI TCP Connection(2)-127.0.0.1] inMXBeanRegistrar$SpringApplicationAdmin : Application shutdown requested.
2025-10-17T12:12:12.011+09:00  INFO 13468 --- [day6_1017] [RMI TCP Connection(2)-127.0.0.1] o.s.b.w.e.tomcat.GracefulShutdown        : Commencing graceful shutdown. Waiting for active requests to complete
2025-10-17T12:12:12.014+09:00  INFO 13468 --- [day6_1017] [tomcat-shutdown] o.s.b.w.e.tomcat.GracefulShutdown        : Graceful shutdown complete
2025-10-17T12:12:13.230+09:00  INFO 10488 --- [day6_1017] [main] com.lsw.myform.Day61017Application       : Starting Day61017Application using Java 21.0.8 with PID 10488 (C:\prac\ex-ch03\day6_1017\bin\main started by YONSAI in C:\prac\ex-ch03\day6_1017)
2025-10-17T12:12:13.231+09:00  INFO 10488 --- [day6_1017] [main] com.lsw.myform.Day61017Application       : No active profile set, falling back to 1 default profile: "default"
2025-10-17T12:12:13.735+09:00  INFO 10488 --- [day6_1017] [main] o.s.b.w.embedded.tomcat.TomcatWebServer  : Tomcat initialized with port 8080 (http)
2025-10-17T12:12:13.743+09:00  INFO 10488 --- [day6_1017] [main] o.apache.catalina.core.StandardService   : Starting service [Tomcat]
2025-10-17T12:12:13.744+09:00  INFO 10488 --- [day6_1017] [main] o.apache.catalina.core.StandardEngine    : Starting Servlet engine: [Apache Tomcat/10.1.46]
2025-10-17T12:12:13.773+09:00  INFO 10488 --- [day6_1017] [main] o.a.c.c.C.[Tomcat].[localhost].[/]       : Initializing Spring embedded WebApplicationContext
2025-10-17T12:12:13.774+09:00  INFO 10488 --- [day6_1017] [main] w.s.c.ServletWebServerApplicationContext : Root WebApplicationContext: initialization completed in 519 ms
2025-10-17T12:12:13.834+09:00  INFO 10488 --- [day6_1017] [main] o.s.b.a.w.s.WelcomePageHandlerMapping    : Adding welcome page: class path resource [static/index.html]
2025-10-17T12:12:13.987+09:00  INFO 10488 --- [day6_1017] [main] .w.s.a.s.AnnotationActionEndpointMapping : Supporting [WS-Addressing August 2004, WS-Addressing 1.0]
2025-10-17T12:12:14.014+09:00  INFO 10488 --- [day6_1017] [main] o.s.b.w.embedded.tomcat.TomcatWebServer  : Tomcat started on port 8080 (http) with context path '/'
2025-10-17T12:12:14.018+09:00  INFO 10488 --- [day6_1017] [main] com.lsw.myform.Day61017Application       : Started Day61017Application in 1.058 seconds (process running for 1.423)
2025-10-17T12:12:48.592+09:00  INFO 10488 --- [day6_1017] [http-nio-8080-exec-1] o.a.c.c.C.[Tomcat].[localhost].[/]       : Initializing Spring DispatcherServlet 'dispatcherServlet'
2025-10-17T12:12:48.592+09:00  INFO 10488 --- [day6_1017] [http-nio-8080-exec-1] o.s.web.servlet.DispatcherServlet        : Initializing Servlet 'dispatcherServlet'
2025-10-17T12:12:48.593+09:00  INFO 10488 --- [day6_1017] [http-nio-8080-exec-1] o.s.web.servlet.DispatcherServlet        : Completed initialization in 0 ms
2025-10-17T12:12:55.164+09:00  WARN 10488 --- [day6_1017] [http-nio-8080-exec-3] .w.s.m.s.DefaultHandlerExceptionResolver : Resolved [org.springframework.http.converter.HttpMessageNotReadableException: JSON parse error: No content to map due to end-of-input]
2025-10-17T12:13:42.304+09:00  WARN 10488 --- [day6_1017] [http-nio-8080-exec-5] .w.s.m.s.DefaultHandlerExceptionResolver : Resolved [org.springframework.http.converter.HttpMessageNotReadableException: JSON parse error: Unexpected character (';' (code 59)): was expecting comma to separate Object entries]
2025-10-17T12:14:19.455+09:00  WARN 10488 --- [day6_1017] [http-nio-8080-exec-7] .w.s.m.s.DefaultHandlerExceptionResolver : Resolved [org.springframework.http.converter.HttpMessageNotReadableException: JSON parse error: Unexpected character ('}' (code 125)): was expecting double-quote to start field name]
2025-10-17T12:14:52.280+09:00  INFO 10488 --- [day6_1017] [RMI TCP Connection(12)-127.0.0.1] inMXBeanRegistrar$SpringApplicationAdmin : Application shutdown requested.
2025-10-17T12:14:52.282+09:00  INFO 10488 --- [day6_1017] [RMI TCP Connection(12)-127.0.0.1] o.s.b.w.e.tomcat.GracefulShutdown        : Commencing graceful shutdown. Waiting for active requests to complete
2025-10-17T12:14:52.285+09:00  INFO 10488 --- [day6_1017] [tomcat-shutdown] o.s.b.w.e.tomcat.GracefulShutdown        : Graceful shutdown complete
2025-10-17T12:14:53.310+09:00  INFO 4208 --- [day6_1017] [main] com.lsw.myform.Day61017Application       : Starting Day61017Application using Java 21.0.8 with PID 4208 (C:\prac\ex-ch03\day6_1017\bin\main started by YONSAI in C:\prac\ex-ch03\day6_1017)
2025-10-17T12:14:53.311+09:00  INFO 4208 --- [day6_1017] [main] com.lsw.myform.Day61017Application       : No active profile set, falling back to 1 default profile: "default"
2025-10-17T12:14:53.811+09:00  INFO 4208 --- [day6_1017] [main] o.s.b.w.embedded.tomcat.TomcatWebServer  : Tomcat initialized with port 8080 (http)
2025-10-17T12:14:53.819+09:00  INFO 4208 --- [day6_1017] [main] o.apache.catalina.core.StandardService   : Starting service [Tomcat]
2025-10-17T12:14:53.820+09:00  INFO 4208 --- [day6_1017] [main] o.apache.catalina.core.StandardEngine    : Starting Servlet engine: [Apache Tomcat/10.1.46]
2025-10-17T12:14:53.849+09:00  INFO 4208 --- [day6_1017] [main] o.a.c.c.C.[Tomcat].[localhost].[/]       : Initializing Spring embedded WebApplicationContext
2025-10-17T12:14:53.849+09:00  INFO 4208 --- [day6_1017] [main] w.s.c.ServletWebServerApplicationContext : Root WebApplicationContext: initialization completed in 515 ms
2025-10-17T12:14:53.910+09:00  INFO 4208 --- [day6_1017] [main] o.s.b.a.w.s.WelcomePageHandlerMapping    : Adding welcome page: class path resource [static/index.html]
2025-10-17T12:14:54.076+09:00  INFO 4208 --- [day6_1017] [main] .w.s.a.s.AnnotationActionEndpointMapping : Supporting [WS-Addressing August 2004, WS-Addressing 1.0]
2025-10-17T12:14:54.104+09:00  INFO 4208 --- [day6_1017] [main] o.s.b.w.embedded.tomcat.TomcatWebServer  : Tomcat started on port 8080 (http) with context path '/'
2025-10-17T12:14:54.108+09:00  INFO 4208 --- [day6_1017] [main] com.lsw.myform.Day61017Application       : Started Day61017Application in 1.065 seconds (process running for 1.418)
2025-10-17T12:14:56.187+09:00  INFO 4208 --- [day6_1017] [http-nio-8080-exec-2] o.a.c.c.C.[Tomcat].[localhost].[/]       : Initializing Spring DispatcherServlet 'dispatcherServlet'
2025-10-17T12:14:56.188+09:00  INFO 4208 --- [day6_1017] [http-nio-8080-exec-2] o.s.web.servlet.DispatcherServlet        : Initializing Servlet 'dispatcherServlet'
2025-10-17T12:14:56.188+09:00  INFO 4208 --- [day6_1017] [http-nio-8080-exec-2] o.s.web.servlet.DispatcherServlet        : Completed initialization in 0 ms
2025-10-17T12:15:17.536+09:00  INFO 4208 --- [day6_1017] [RMI TCP Connection(7)-127.0.0.1] inMXBeanRegistrar$SpringApplicationAdmin : Application shutdown requested.
2025-10-17T12:15:17.538+09:00  INFO 4208 --- [day6_1017] [RMI TCP Connection(7)-127.0.0.1] o.s.b.w.e.tomcat.GracefulShutdown        : Commencing graceful shutdown. Waiting for active requests to complete
2025-10-17T12:15:17.542+09:00  INFO 4208 --- [day6_1017] [tomcat-shutdown] o.s.b.w.e.tomcat.GracefulShutdown        : Graceful shutdown complete
2025-10-17T12:15:18.738+09:00  INFO 6956 --- [day6_1017] [main] com.lsw.myform.Day61017Application       : Starting Day61017Application using Java 21.0.8 with PID 6956 (C:\prac\ex-ch03\day6_1017\bin\main started by YONSAI in C:\prac\ex-ch03\day6_1017)
2025-10-17T12:15:18.739+09:00  INFO 6956 --- [day6_1017] [main] com.lsw.myform.Day61017Application       : No active profile set, falling back to 1 default profile: "default"
2025-10-17T12:15:19.232+09:00  INFO 6956 --- [day6_1017] [main] o.s.b.w.embedded.tomcat.TomcatWebServer  : Tomcat initialized with port 8080 (http)
2025-10-17T12:15:19.241+09:00  INFO 6956 --- [day6_1017] [main] o.apache.catalina.core.StandardService   : Starting service [Tomcat]
2025-10-17T12:15:19.241+09:00  INFO 6956 --- [day6_1017] [main] o.apache.catalina.core.StandardEngine    : Starting Servlet engine: [Apache Tomcat/10.1.46]
2025-10-17T12:15:19.270+09:00  INFO 6956 --- [day6_1017] [main] o.a.c.c.C.[Tomcat].[localhost].[/]       : Initializing Spring embedded WebApplicationContext
2025-10-17T12:15:19.270+09:00  INFO 6956 --- [day6_1017] [main] w.s.c.ServletWebServerApplicationContext : Root WebApplicationContext: initialization completed in 509 ms
2025-10-17T12:15:19.329+09:00  INFO 6956 --- [day6_1017] [main] o.s.b.a.w.s.WelcomePageHandlerMapping    : Adding welcome page: class path resource [static/index.html]
2025-10-17T12:15:19.479+09:00  INFO 6956 --- [day6_1017] [main] .w.s.a.s.AnnotationActionEndpointMapping : Supporting [WS-Addressing August 2004, WS-Addressing 1.0]
2025-10-17T12:15:19.505+09:00  INFO 6956 --- [day6_1017] [main] o.s.b.w.embedded.tomcat.TomcatWebServer  : Tomcat started on port 8080 (http) with context path '/'
2025-10-17T12:15:19.510+09:00  INFO 6956 --- [day6_1017] [main] com.lsw.myform.Day61017Application       : Started Day61017Application in 1.037 seconds (process running for 1.386)
2025-10-17T12:18:56.190+09:00  INFO 6956 --- [day6_1017] [RMI TCP Connection(14)-127.0.0.1] inMXBeanRegistrar$SpringApplicationAdmin : Application shutdown requested.
2025-10-17T12:18:56.192+09:00  INFO 6956 --- [day6_1017] [RMI TCP Connection(14)-127.0.0.1] o.s.b.w.e.tomcat.GracefulShutdown        : Commencing graceful shutdown. Waiting for active requests to complete
2025-10-17T12:18:56.195+09:00  INFO 6956 --- [day6_1017] [tomcat-shutdown] o.s.b.w.e.tomcat.GracefulShutdown        : Graceful shutdown complete
2025-10-17T12:18:57.412+09:00  INFO 10484 --- [day6_1017] [main] com.lsw.myform.Day61017Application       : Starting Day61017Application using Java 21.0.8 with PID 10484 (C:\prac\ex-ch03\day6_1017\bin\main started by YONSAI in C:\prac\ex-ch03\day6_1017)
2025-10-17T12:18:57.413+09:00  INFO 10484 --- [day6_1017] [main] com.lsw.myform.Day61017Application       : No active profile set, falling back to 1 default profile: "default"
2025-10-17T12:18:57.916+09:00  INFO 10484 --- [day6_1017] [main] o.s.b.w.embedded.tomcat.TomcatWebServer  : Tomcat initialized with port 8080 (http)
2025-10-17T12:18:57.925+09:00  INFO 10484 --- [day6_1017] [main] o.apache.catalina.core.StandardService   : Starting service [Tomcat]
2025-10-17T12:18:57.925+09:00  INFO 10484 --- [day6_1017] [main] o.apache.catalina.core.StandardEngine    : Starting Servlet engine: [Apache Tomcat/10.1.46]
2025-10-17T12:18:57.954+09:00  INFO 10484 --- [day6_1017] [main] o.a.c.c.C.[Tomcat].[localhost].[/]       : Initializing Spring embedded WebApplicationContext
2025-10-17T12:18:57.955+09:00  INFO 10484 --- [day6_1017] [main] w.s.c.ServletWebServerApplicationContext : Root WebApplicationContext: initialization completed in 519 ms
2025-10-17T12:18:58.014+09:00  INFO 10484 --- [day6_1017] [main] o.s.b.a.w.s.WelcomePageHandlerMapping    : Adding welcome page: class path resource [static/index.html]
2025-10-17T12:18:58.166+09:00  INFO 10484 --- [day6_1017] [main] .w.s.a.s.AnnotationActionEndpointMapping : Supporting [WS-Addressing August 2004, WS-Addressing 1.0]
2025-10-17T12:18:58.193+09:00  INFO 10484 --- [day6_1017] [main] o.s.b.w.embedded.tomcat.TomcatWebServer  : Tomcat started on port 8080 (http) with context path '/'
2025-10-17T12:18:58.197+09:00  INFO 10484 --- [day6_1017] [main] com.lsw.myform.Day61017Application       : Started Day61017Application in 1.054 seconds (process running for 1.411)
2025-10-17T12:18:58.994+09:00  INFO 10484 --- [day6_1017] [http-nio-8080-exec-1] o.a.c.c.C.[Tomcat].[localhost].[/]       : Initializing Spring DispatcherServlet 'dispatcherServlet'
2025-10-17T12:18:58.995+09:00  INFO 10484 --- [day6_1017] [http-nio-8080-exec-1] o.s.web.servlet.DispatcherServlet        : Initializing Servlet 'dispatcherServlet'
2025-10-17T12:18:58.996+09:00  INFO 10484 --- [day6_1017] [http-nio-8080-exec-1] o.s.web.servlet.DispatcherServlet        : Completed initialization in 0 ms
2025-10-17T12:19:25.190+09:00  INFO 10484 --- [day6_1017] [RMI TCP Connection(8)-127.0.0.1] inMXBeanRegistrar$SpringApplicationAdmin : Application shutdown requested.
2025-10-17T12:19:25.192+09:00  INFO 10484 --- [day6_1017] [RMI TCP Connection(8)-127.0.0.1] o.s.b.w.e.tomcat.GracefulShutdown        : Commencing graceful shutdown. Waiting for active requests to complete
2025-10-17T12:19:25.195+09:00  INFO 10484 --- [day6_1017] [tomcat-shutdown] o.s.b.w.e.tomcat.GracefulShutdown        : Graceful shutdown complete
2025-10-17T12:19:26.393+09:00  INFO 9084 --- [day6_1017] [main] com.lsw.myform.Day61017Application       : Starting Day61017Application using Java 21.0.8 with PID 9084 (C:\prac\ex-ch03\day6_1017\bin\main started by YONSAI in C:\prac\ex-ch03\day6_1017)
2025-10-17T12:19:26.394+09:00  INFO 9084 --- [day6_1017] [main] com.lsw.myform.Day61017Application       : No active profile set, falling back to 1 default profile: "default"
2025-10-17T12:19:26.897+09:00  INFO 9084 --- [day6_1017] [main] o.s.b.w.embedded.tomcat.TomcatWebServer  : Tomcat initialized with port 8080 (http)
2025-10-17T12:19:26.906+09:00  INFO 9084 --- [day6_1017] [main] o.apache.catalina.core.StandardService   : Starting service [Tomcat]
2025-10-17T12:19:26.906+09:00  INFO 9084 --- [day6_1017] [main] o.apache.catalina.core.StandardEngine    : Starting Servlet engine: [Apache Tomcat/10.1.46]
2025-10-17T12:19:26.936+09:00  INFO 9084 --- [day6_1017] [main] o.a.c.c.C.[Tomcat].[localhost].[/]       : Initializing Spring embedded WebApplicationContext
2025-10-17T12:19:26.936+09:00  INFO 9084 --- [day6_1017] [main] w.s.c.ServletWebServerApplicationContext : Root WebApplicationContext: initialization completed in 519 ms
2025-10-17T12:19:26.996+09:00  INFO 9084 --- [day6_1017] [main] o.s.b.a.w.s.WelcomePageHandlerMapping    : Adding welcome page: class path resource [static/index.html]
2025-10-17T12:19:27.149+09:00  INFO 9084 --- [day6_1017] [main] .w.s.a.s.AnnotationActionEndpointMapping : Supporting [WS-Addressing August 2004, WS-Addressing 1.0]
2025-10-17T12:19:27.176+09:00  INFO 9084 --- [day6_1017] [main] o.s.b.w.embedded.tomcat.TomcatWebServer  : Tomcat started on port 8080 (http) with context path '/'
2025-10-17T12:19:27.181+09:00  INFO 9084 --- [day6_1017] [main] com.lsw.myform.Day61017Application       : Started Day61017Application in 1.052 seconds (process running for 1.399)
2025-10-17T12:19:29.041+09:00  INFO 9084 --- [day6_1017] [http-nio-8080-exec-1] o.a.c.c.C.[Tomcat].[localhost].[/]       : Initializing Spring DispatcherServlet 'dispatcherServlet'
2025-10-17T12:19:29.041+09:00  INFO 9084 --- [day6_1017] [http-nio-8080-exec-1] o.s.web.servlet.DispatcherServlet        : Initializing Servlet 'dispatcherServlet'
2025-10-17T12:19:29.042+09:00  INFO 9084 --- [day6_1017] [http-nio-8080-exec-1] o.s.web.servlet.DispatcherServlet        : Completed initialization in 1 ms
2025-10-17T12:21:38.759+09:00  INFO 9084 --- [day6_1017] [RMI TCP Connection(10)-127.0.0.1] inMXBeanRegistrar$SpringApplicationAdmin : Application shutdown requested.
2025-10-17T12:21:38.761+09:00  INFO 9084 --- [day6_1017] [RMI TCP Connection(10)-127.0.0.1] o.s.b.w.e.tomcat.GracefulShutdown        : Commencing graceful shutdown. Waiting for active requests to complete
2025-10-17T12:21:38.765+09:00  INFO 9084 --- [day6_1017] [tomcat-shutdown] o.s.b.w.e.tomcat.GracefulShutdown        : Graceful shutdown complete
